<?xml version="1.0" encoding="UTF-8"?>
<testng-results ignored="0" total="2" passed="2" failed="0" skipped="0">
  <reporter-output>
  </reporter-output>
  <suite started-at="2025-02-05T15:36:00 IST" name="Default suite" finished-at="2025-02-05T15:36:33 IST" duration-ms="33150">
    <groups>
    </groups>
    <test started-at="2025-02-05T15:36:00 IST" name="Default test" finished-at="2025-02-05T15:36:33 IST" duration-ms="33150">
      <class name="Multiple_TestData.Data_Driven_Testing">
        <test-method signature="testLogin(java.lang.String,java.lang.String)[pri:0, instance:Multiple_TestData.Data_Driven_Testing@1ca3b418]" started-at="2025-02-05T15:36:00 IST" name="testLogin" data-provider="testData" finished-at="2025-02-05T15:36:26 IST" duration-ms="26229" status="PASS">
          <params>
            <param index="0">
              <value>
                <![CDATA[standard_user]]>
              </value>
            </param>
            <param index="1">
              <value>
                <![CDATA[secret_sauce]]>
              </value>
            </param>
          </params>
          <reporter-output>
          </reporter-output>
        </test-method> <!-- testLogin -->
        <test-method signature="testLogin(java.lang.String,java.lang.String)[pri:0, instance:Multiple_TestData.Data_Driven_Testing@1ca3b418]" started-at="2025-02-05T15:36:26 IST" name="testLogin" data-provider="testData" finished-at="2025-02-05T15:36:33 IST" duration-ms="6824" status="PASS">
          <params>
            <param index="0">
              <value>
                <![CDATA[standard_user2]]>
              </value>
            </param>
            <param index="1">
              <value>
                <![CDATA[secret_sauce]]>
              </value>
            </param>
          </params>
          <reporter-output>
          </reporter-output>
        </test-method> <!-- testLogin -->
      </class> <!-- Multiple_TestData.Data_Driven_Testing -->
    </test> <!-- Default test -->
  </suite> <!-- Default suite -->
</testng-results>
