<?xml version="1.0" encoding="UTF-8"?>
<!-- Generated by org.testng.reporters.JUnitXMLReporter -->
<testsuite ignored="1" hostname="Shubham" failures="0" tests="3" name="GroupingTest" time="0.137" errors="0" timestamp="2025-01-22T15:30:55 IST">
  <testcase classname="Test_Case_Grouping_Concept.Grouping" name="group_1" time="0.02"/>
  <testcase classname="Test_Case_Grouping_Concept.Grouping" name="group_2" time="0.005"/>
  <testcase classname="Test_Case_Grouping_Concept.Grouping" name="group_4" time="0.003"/>
  <testcase classname="Test_Case_Grouping_Concept.Grouping" name="group_3" time="0.0">
    <ignored/>
  </testcase> <!-- group_3 -->
</testsuite> <!-- GroupingTest -->
