<?xml version="1.0" encoding="UTF-8"?>
<!-- Generated by org.testng.reporters.JUnitReportReporter -->
<testsuite hostname="Shubham" failures="0" tests="2" name="Multiple_TestData.Data_Driven_Testing" time="33.053" errors="0" timestamp="2025-02-05T15:36:33 IST" skipped="0">
  <testcase classname="Multiple_TestData.Data_Driven_Testing" name="testLogin" time="26.229"/>
  <system-out/>
  <testcase classname="Multiple_TestData.Data_Driven_Testing" name="testLogin" time="6.824"/>
  <system-out/>
</testsuite> <!-- Multiple_TestData.Data_Driven_Testing -->
