<?xml version="1.0" encoding="UTF-8"?>
<!-- Generated by org.testng.reporters.JUnitReportReporter -->
<testsuite hostname="Shubham" failures="0" tests="2" name="Multiple_TestData.Multiple_data_Testing" time="22.060" errors="0" timestamp="2025-01-22T12:11:44 IST" skipped="0">
  <testcase classname="Multiple_TestData.Multiple_data_Testing" name="data" time="10.220"/>
  <system-out/>
  <testcase classname="Multiple_TestData.Multiple_data_Testing" name="data" time="11.840"/>
  <system-out/>
</testsuite> <!-- Multiple_TestData.Multiple_data_Testing -->
