<?xml version="1.0" encoding="UTF-8"?>
<!-- Generated by org.testng.reporters.JUnitReportReporter -->
<testsuite hostname="Shubham" failures="0" tests="4" name="Test_Case_Grouping_Concept.Grouping" time="0.038" errors="0" timestamp="2025-03-14T23:40:19 IST" skipped="0">
  <testcase classname="Test_Case_Grouping_Concept.Grouping" name="group_1" time="0.020"/>
  <system-out/>
  <testcase classname="Test_Case_Grouping_Concept.Grouping" name="group_3" time="0.003"/>
  <system-out/>
  <testcase classname="Test_Case_Grouping_Concept.Grouping" name="group_2" time="0.009"/>
  <system-out/>
  <testcase classname="Test_Case_Grouping_Concept.Grouping" name="group_4" time="0.006"/>
  <system-out/>
</testsuite> <!-- Test_Case_Grouping_Concept.Grouping -->
