<?xml version="1.0" encoding="UTF-8"?>
<!-- Generated by org.testng.reporters.JUnitReportReporter -->
<testsuite hostname="Shubham" failures="0" tests="2" name="Multiple_TestData.Multiple_data_Testing" time="23.501" errors="0" timestamp="2025-03-14T23:55:40 IST" skipped="0">
  <testcase classname="Multiple_TestData.Multiple_data_Testing" name="data" time="10.422"/>
  <system-out/>
  <testcase classname="Multiple_TestData.Multiple_data_Testing" name="data" time="13.079"/>
  <system-out/>
</testsuite> <!-- Multiple_TestData.Multiple_data_Testing -->
