<?xml version="1.0" encoding="UTF-8"?>
<!-- Generated by org.testng.reporters.JUnitReportReporter -->
<testsuite hostname="Shubham" failures="0" tests="2" name="Test_Case_Grouping.Grouping" time="0.027" errors="0" timestamp="2025-01-22T15:28:18 IST" skipped="0">
  <testcase classname="Test_Case_Grouping.Grouping" name="group_4" time="0.004"/>
  <system-out/>
  <testcase classname="Test_Case_Grouping.Grouping" name="group_1" time="0.023"/>
  <system-out/>
</testsuite> <!-- Test_Case_Grouping.Grouping -->
