<?xml version="1.0" encoding="UTF-8"?>
<!-- Generated by org.testng.reporters.JUnitReportReporter -->
<testsuite hostname="Shubham" failures="0" tests="2" name="Multiple_TestData.Data_Driven_Testing" time="13.761" errors="0" timestamp="2025-03-14T23:53:21 IST" skipped="0">
  <testcase classname="Multiple_TestData.Data_Driven_Testing" name="testLogin" time="5.809"/>
  <system-out/>
  <testcase classname="Multiple_TestData.Data_Driven_Testing" name="testLogin" time="7.952"/>
  <system-out/>
</testsuite> <!-- Multiple_TestData.Data_Driven_Testing -->
