<?xml version="1.0" encoding="UTF-8"?>
<!-- Generated by org.testng.reporters.JUnitReportReporter -->
<testsuite hostname="Shubham" failures="0" tests="4" name="Test_Case_Grouping_Concept.Grouping" time="0.043" errors="0" timestamp="2025-01-22T17:07:52 IST" skipped="0">
  <testcase classname="Test_Case_Grouping_Concept.Grouping" name="group_1" time="0.021"/>
  <system-out/>
  <testcase classname="Test_Case_Grouping_Concept.Grouping" name="group_3" time="0.010"/>
  <system-out/>
  <testcase classname="Test_Case_Grouping_Concept.Grouping" name="group_2" time="0.004"/>
  <system-out/>
  <testcase classname="Test_Case_Grouping_Concept.Grouping" name="group_4" time="0.008"/>
  <system-out/>
</testsuite> <!-- Test_Case_Grouping_Concept.Grouping -->
